-------------------------------------------------------------------------------
Test set: com.fuga.assignment.component.album.AlbumPublishingFlowTest
-------------------------------------------------------------------------------
Tests run: 1, Failures: 0, Errors: 1, Skipped: 0, Time elapsed: 3.313 s <<< FAILURE! -- in com.fuga.assignment.component.album.AlbumPublishingFlowTest
com.fuga.assignment.component.album.AlbumPublishingFlowTest -- Time elapsed: 3.313 s <<< ERROR!
org.testcontainers.containers.ContainerFetchException: Can't get Docker image: RemoteDockerImage(imageName=testcontainers/ryuk:0.11.0, imagePullPolicy=DefaultPullPolicy(), imageNameSubstitutor=org.testcontainers.utility.ImageNameSubstitutor$LogWrappedImageNameSubstitutor@64518270)
	at org.testcontainers.containers.GenericContainer.getDockerImageName(GenericContainer.java:1364)
	at org.testcontainers.containers.GenericContainer.doStart(GenericContainer.java:351)
	at org.testcontainers.containers.GenericContainer.start(GenericContainer.java:322)
	at org.testcontainers.utility.RyukResourceReaper.maybeStart(RyukResourceReaper.java:78)
	at org.testcontainers.utility.RyukResourceReaper.init(RyukResourceReaper.java:42)
	at org.testcontainers.DockerClientFactory.client(DockerClientFactory.java:245)
	at org.testcontainers.DockerClientFactory$1.getDockerClient(DockerClientFactory.java:108)
	at com.github.dockerjava.api.DockerClientDelegate.authConfig(DockerClientDelegate.java:109)
	at org.testcontainers.containers.GenericContainer.start(GenericContainer.java:321)
	at org.testcontainers.junit.jupiter.TestcontainersExtension$StoreAdapter.start(TestcontainersExtension.java:276)
	at org.testcontainers.junit.jupiter.TestcontainersExtension$StoreAdapter.access$200(TestcontainersExtension.java:263)
	at org.testcontainers.junit.jupiter.TestcontainersExtension.lambda$startContainers$4(TestcontainersExtension.java:83)
	at org.testcontainers.junit.jupiter.TestcontainersExtension.lambda$startContainers$5(TestcontainersExtension.java:83)
	at java.base/java.util.ArrayList.forEach(ArrayList.java:1612)
	at org.testcontainers.junit.jupiter.TestcontainersExtension.startContainers(TestcontainersExtension.java:83)
	at org.testcontainers.junit.jupiter.TestcontainersExtension.beforeAll(TestcontainersExtension.java:57)
	at java.base/java.util.ArrayList.forEach(ArrayList.java:1612)
Caused by: com.github.dockerjava.api.exception.BadRequestException: Status 400: {"message":"client version 1.32 is too old. Minimum supported API version is 1.40, please upgrade your client to a newer version"}

	at org.testcontainers.shaded.com.github.dockerjava.core.DefaultInvocationBuilder.execute(DefaultInvocationBuilder.java:237)
	at org.testcontainers.shaded.com.github.dockerjava.core.DefaultInvocationBuilder.get(DefaultInvocationBuilder.java:202)
	at org.testcontainers.shaded.com.github.dockerjava.core.DefaultInvocationBuilder.get(DefaultInvocationBuilder.java:74)
	at org.testcontainers.shaded.com.github.dockerjava.core.exec.InspectImageCmdExec.execute(InspectImageCmdExec.java:28)
	at org.testcontainers.shaded.com.github.dockerjava.core.exec.InspectImageCmdExec.execute(InspectImageCmdExec.java:13)
	at org.testcontainers.shaded.com.github.dockerjava.core.exec.AbstrSyncDockerCmdExec.exec(AbstrSyncDockerCmdExec.java:21)
	at org.testcontainers.shaded.com.github.dockerjava.core.command.AbstrDockerCmd.exec(AbstrDockerCmd.java:33)
	at org.testcontainers.shaded.com.github.dockerjava.core.command.InspectImageCmdImpl.exec(InspectImageCmdImpl.java:39)
	at org.testcontainers.images.LocalImagesCache.refreshCache(LocalImagesCache.java:42)
	at org.testcontainers.images.AbstractImagePullPolicy.shouldPull(AbstractImagePullPolicy.java:24)
	at org.testcontainers.images.RemoteDockerImage.resolve(RemoteDockerImage.java:79)
	at org.testcontainers.images.RemoteDockerImage.resolve(RemoteDockerImage.java:35)
	at org.testcontainers.utility.LazyFuture.getResolvedValue(LazyFuture.java:20)
	at org.testcontainers.utility.LazyFuture.get(LazyFuture.java:41)
	at org.testcontainers.containers.GenericContainer.getDockerImageName(GenericContainer.java:1362)
	... 16 more

