<?xml version="1.0" encoding="UTF-8"?>
<testsuite xmlns:xsi="http://www.w3.org/2001/XMLSchema-instance" xsi:noNamespaceSchemaLocation="https://maven.apache.org/surefire/maven-surefire-plugin/xsd/surefire-test-report.xsd" version="3.0.2" name="com.fuga.assignment.unit.SpotifyPublisherTest" time="0.774" tests="5" errors="0" skipped="0" failures="0">
  <properties>
[...]
</properties>
  <testcase name="shouldPublishAlbumSuccessfully" classname="com.fuga.assignment.unit.SpotifyPublisherTest" time="0.747">
    <system-out><![CDATA[14:34:10.520 [main] INFO com.fuga.assignment.kafka.consumer.publishing.SpotifyPublisher -- Received album publish request for albumId=1
14:34:10.526 [main] INFO com.fuga.assignment.kafka.consumer.publishing.SpotifyPublisher -- Pushed albumId=1 to Spotify endpoint
14:34:10.526 [main] INFO com.fuga.assignment.kafka.consumer.publishing.SpotifyPublisher -- The albumId=1 was successfully published to SPOTIFY
]]></system-out>
    <system-err><![CDATA[Mockito is currently self-attaching to enable the inline-mock-maker. This will no longer work in future releases of the JDK. Please add Mockito as an agent to your build what is described in Mockito's documentation: https://javadoc.io/doc/org.mockito/mockito-core/latest/org/mockito/Mockito.html#0.3
WARNING: A Java agent has been loaded dynamically (/Users/vitalii/.m2/repository/net/bytebuddy/byte-buddy-agent/1.15.11/byte-buddy-agent-1.15.11.jar)
WARNING: If a serviceability tool is in use, please run with -XX:+EnableDynamicAgentLoading to hide this warning
WARNING: If a serviceability tool is not in use, please run with -Djdk.instrument.traceUsage for more information
WARNING: Dynamic loading of agents will be disallowed by default in a future release
]]></system-err>
  </testcase>
  <testcase name="shouldFailPublishingNonExistAlbum" classname="com.fuga.assignment.unit.SpotifyPublisherTest" time="0.006">
    <system-out><![CDATA[14:34:10.568 [main] INFO com.fuga.assignment.kafka.consumer.publishing.SpotifyPublisher -- Received album publish request for albumId=1
]]></system-out>
  </testcase>
  <testcase name="shouldFailPublishingNonSpotifyAlbum" classname="com.fuga.assignment.unit.SpotifyPublisherTest" time="0.003">
    <system-out><![CDATA[14:34:10.572 [main] INFO com.fuga.assignment.kafka.consumer.publishing.SpotifyPublisher -- Received album publish request for albumId=1
]]></system-out>
  </testcase>
  <testcase name="shouldFailWhenPublishingFailed" classname="com.fuga.assignment.unit.SpotifyPublisherTest" time="0.003">
    <system-out><![CDATA[14:34:10.576 [main] INFO com.fuga.assignment.kafka.consumer.publishing.SpotifyPublisher -- Received album publish request for albumId=1
]]></system-out>
  </testcase>
  <testcase name="shouldSkipPublishingOnRepeatRequest" classname="com.fuga.assignment.unit.SpotifyPublisherTest" time="0.003">
    <system-out><![CDATA[14:34:10.579 [main] INFO com.fuga.assignment.kafka.consumer.publishing.SpotifyPublisher -- Received album publish request for albumId=1
14:34:10.579 [main] INFO com.fuga.assignment.kafka.consumer.publishing.SpotifyPublisher -- The album albumId=1 was already published to SPOTIFY
]]></system-out>
  </testcase>
</testsuite>